12:00:22.843 [restartedMain] INFO  o.a.s.c.e.EhCacheManager - [getCache,158] - Cache with name 'com.ruoyi.framework.shiro.realm.WxOpenRealm.authorizationCache' does not yet exist.  Creating now.
12:00:22.863 [restartedMain] INFO  o.a.s.c.e.EhCacheManager - [getCache,165] - Added EhCache named [com.ruoyi.framework.shiro.realm.WxOpenRealm.authorizationCache]
12:00:24.672 [restartedMain] INFO  o.a.s.c.e.EhCacheManager - [getCache,169] - Using existing EHCache named [loginRecordCache]
12:00:26.087 [restartedMain] INFO  o.a.c.h.Http11NioProtocol - [log,180] - Initializing ProtocolHandler ["http-nio-8080"]
12:00:26.105 [restartedMain] INFO  o.a.c.c.StandardService - [log,180] - Starting service [Tomcat]
12:00:26.106 [restartedMain] INFO  o.a.c.c.StandardEngine - [log,180] - Starting Servlet Engine: Apache Tomcat/8.5.32
12:00:26.112 [localhost-startStop-1] INFO  o.a.c.c.AprLifecycleListener - [log,180] - Loaded APR based Apache Tomcat Native library [1.2.21] using APR version [1.6.5].
12:00:26.112 [localhost-startStop-1] INFO  o.a.c.c.AprLifecycleListener - [log,180] - APR capabilities: IPv6 [true], sendfile [true], accept filters [false], random [true].
12:00:26.113 [localhost-startStop-1] INFO  o.a.c.c.AprLifecycleListener - [log,180] - APR/OpenSSL configuration: useAprConnector [false], useOpenSSL [true]
12:00:26.426 [localhost-startStop-1] INFO  o.a.c.c.AprLifecycleListener - [log,180] - OpenSSL successfully initialized [OpenSSL 1.1.1a  20 Nov 2018]
12:00:26.548 [localhost-startStop-1] INFO  o.a.c.c.C.[.[.[/] - [log,180] - Initializing Spring embedded WebApplicationContext
12:00:27.102 [restartedMain] INFO  c.a.d.p.DruidDataSource - [init,930] - {dataSource-1} inited
12:00:29.087 [restartedMain] INFO  o.q.i.StdSchedulerFactory - [instantiate,1208] - Using default implementation for ThreadExecutor
12:00:29.119 [restartedMain] INFO  o.q.c.SchedulerSignalerImpl - [<init>,61] - Initialized Scheduler Signaller of type: class org.quartz.core.SchedulerSignalerImpl
12:00:29.119 [restartedMain] INFO  o.q.c.QuartzScheduler - [<init>,229] - Quartz Scheduler v.2.3.0 created.
12:00:29.140 [restartedMain] INFO  o.q.c.QuartzScheduler - [initialize,294] - Scheduler meta-data: Quartz Scheduler (v2.3.0) 'RuoyiScheduler' with instanceId 'Research-ZWY1567051229111'
  Scheduler class: 'org.quartz.core.QuartzScheduler' - running locally.
  NOT STARTED.
  Currently in standby mode.
  Number of jobs executed: 0
  Using thread pool 'org.quartz.simpl.SimpleThreadPool' - with 20 threads.
  Using job-store 'org.springframework.scheduling.quartz.LocalDataSourceJobStore' - which supports persistence. and is clustered.

12:00:29.140 [restartedMain] INFO  o.q.i.StdSchedulerFactory - [instantiate,1362] - Quartz scheduler 'RuoyiScheduler' initialized from an externally provided properties instance.
12:00:29.141 [restartedMain] INFO  o.q.i.StdSchedulerFactory - [instantiate,1366] - Quartz scheduler version: 2.3.0
12:00:29.142 [restartedMain] INFO  o.q.c.QuartzScheduler - [setJobFactory,2287] - JobFactory set to: org.springframework.scheduling.quartz.AdaptableJobFactory@3c8ea5ce
12:00:30.165 [restartedMain] INFO  o.a.s.c.e.EhCacheManager - [getCache,158] - Cache with name 'com.ruoyi.framework.shiro.realm.UserRealm.authorizationCache.1' does not yet exist.  Creating now.
12:00:30.166 [restartedMain] INFO  o.a.s.c.e.EhCacheManager - [getCache,165] - Added EhCache named [com.ruoyi.framework.shiro.realm.UserRealm.authorizationCache.1]
12:00:30.219 [restartedMain] INFO  s.d.s.w.PropertySourcedRequestMappingHandlerMapping - [initHandlerMethods,69] - Mapped URL path [/v2/api-docs] onto method [public org.springframework.http.ResponseEntity<springfox.documentation.spring.web.json.Json> springfox.documentation.swagger2.web.Swagger2Controller.getDocumentation(java.lang.String,javax.servlet.http.HttpServletRequest)]
12:00:31.240 [restartedMain] INFO  s.d.s.w.p.DocumentationPluginsBootstrapper - [start,147] - Context refreshed
12:00:31.258 [restartedMain] INFO  s.d.s.w.p.DocumentationPluginsBootstrapper - [start,150] - Found 1 custom documentation plugin(s)
12:00:31.483 [restartedMain] INFO  s.d.s.w.s.ApiListingReferenceScanner - [scan,41] - Scanning for api listing references
12:00:31.773 [restartedMain] INFO  o.a.c.h.Http11NioProtocol - [log,180] - Starting ProtocolHandler ["http-nio-8080"]
12:00:31.781 [restartedMain] INFO  o.a.t.u.n.NioSelectorPool - [log,180] - Using a shared selector for servlet write/read
12:00:33.001 [Quartz Scheduler [RuoyiScheduler]] INFO  o.q.c.QuartzScheduler - [start,547] - Scheduler RuoyiScheduler_$_Research-ZWY1567051229111 started.
12:00:46.725 [http-nio-8080-exec-1] INFO  o.a.c.c.C.[.[.[/] - [log,180] - Initializing Spring FrameworkServlet 'dispatcherServlet'
12:00:46.759 [http-nio-8080-exec-1] INFO  o.a.s.s.m.AbstractValidatingSessionManager - [enableSessionValidation,233] - Enabling session validation scheduler...
12:00:46.814 [http-nio-8080-exec-1] INFO  o.a.s.c.e.EhCacheManager - [getCache,158] - Cache with name 'shiro-activeSessionCache' does not yet exist.  Creating now.
12:00:46.815 [http-nio-8080-exec-1] INFO  o.a.s.c.e.EhCacheManager - [getCache,165] - Added EhCache named [shiro-activeSessionCache]
12:06:13.869 [main] INFO  o.s.b.t.c.SpringBootTestContextBootstrapper - [buildDefaultMergedContextConfiguration,308] - Neither @ContextConfiguration nor @ContextHierarchy found for test class [com.ruoyi.system.user.UserTest], using SpringBootContextLoader
12:06:13.875 [main] INFO  o.s.t.c.s.AbstractContextLoader - [generateDefaultLocations,264] - Could not detect default resource locations for test class [com.ruoyi.system.user.UserTest]: no resource found for suffixes {-context.xml, Context.groovy}.
12:06:13.876 [main] INFO  o.s.t.c.s.AnnotationConfigContextLoaderUtils - [detectDefaultConfigurationClasses,83] - Could not detect default configuration classes for test class [com.ruoyi.system.user.UserTest]: UserTest does not declare any static, non-private, non-final, nested classes annotated with @Configuration.
12:06:13.976 [main] INFO  o.s.b.t.c.SpringBootTestContextBootstrapper - [getOrFindConfigurationClasses,247] - Found @SpringBootConfiguration com.ruoyi.RuoYiApplication for test class com.ruoyi.system.user.UserTest
12:06:14.076 [main] INFO  o.s.b.t.c.SpringBootTestContextBootstrapper - [getDefaultTestExecutionListenerClassNames,248] - Loaded default TestExecutionListener class names from location [META-INF/spring.factories]: [org.springframework.boot.test.mock.mockito.MockitoTestExecutionListener, org.springframework.boot.test.mock.mockito.ResetMocksTestExecutionListener, org.springframework.boot.test.autoconfigure.restdocs.RestDocsTestExecutionListener, org.springframework.boot.test.autoconfigure.web.client.MockRestServiceServerResetTestExecutionListener, org.springframework.boot.test.autoconfigure.web.servlet.MockMvcPrintOnlyOnFailureTestExecutionListener, org.springframework.boot.test.autoconfigure.web.servlet.WebDriverTestExecutionListener, org.springframework.test.context.web.ServletTestExecutionListener, org.springframework.test.context.support.DirtiesContextBeforeModesTestExecutionListener, org.springframework.test.context.support.DependencyInjectionTestExecutionListener, org.springframework.test.context.support.DirtiesContextTestExecutionListener, org.springframework.test.context.transaction.TransactionalTestExecutionListener, org.springframework.test.context.jdbc.SqlScriptsTestExecutionListener]
12:06:14.093 [main] INFO  o.s.b.t.c.SpringBootTestContextBootstrapper - [getTestExecutionListeners,177] - Using TestExecutionListeners: [org.springframework.test.context.web.ServletTestExecutionListener@57cf54e1, org.springframework.test.context.support.DirtiesContextBeforeModesTestExecutionListener@5b03b9fe, org.springframework.boot.test.mock.mockito.MockitoTestExecutionListener@37d4349f, org.springframework.boot.test.autoconfigure.SpringBootDependencyInjectionTestExecutionListener@434a63ab, org.springframework.test.context.support.DirtiesContextTestExecutionListener@6e0f5f7f, org.springframework.test.context.transaction.TransactionalTestExecutionListener@2805d709, org.springframework.test.context.jdbc.SqlScriptsTestExecutionListener@3ee37e5a, org.springframework.boot.test.mock.mockito.ResetMocksTestExecutionListener@2ea41516, org.springframework.boot.test.autoconfigure.restdocs.RestDocsTestExecutionListener@3a44431a, org.springframework.boot.test.autoconfigure.web.client.MockRestServiceServerResetTestExecutionListener@3c7f66c4, org.springframework.boot.test.autoconfigure.web.servlet.MockMvcPrintOnlyOnFailureTestExecutionListener@194bcebf, org.springframework.boot.test.autoconfigure.web.servlet.WebDriverTestExecutionListener@17497425]
12:06:14.452 [main] INFO  c.r.s.user.UserTest - [logStarting,50] - Starting UserTest on Research-ZWY with PID 20640 (started by fooww in D:\work\quxiangwu)
12:06:14.453 [main] INFO  c.r.s.user.UserTest - [logStartupProfileInfo,666] - The following profiles are active: druid
12:06:16.818 [main] INFO  o.a.s.c.e.EhCacheManager - [getCache,158] - Cache with name 'com.ruoyi.framework.shiro.realm.WxOpenRealm.authorizationCache' does not yet exist.  Creating now.
12:06:16.820 [main] INFO  o.a.s.c.e.EhCacheManager - [getCache,165] - Added EhCache named [com.ruoyi.framework.shiro.realm.WxOpenRealm.authorizationCache]
12:06:17.600 [main] INFO  o.a.s.c.e.EhCacheManager - [getCache,169] - Using existing EHCache named [loginRecordCache]
12:06:17.923 [main] INFO  c.a.d.p.DruidDataSource - [init,930] - {dataSource-1} inited
12:06:18.606 [main] INFO  o.q.i.StdSchedulerFactory - [instantiate,1208] - Using default implementation for ThreadExecutor
12:06:18.620 [main] INFO  o.q.c.SchedulerSignalerImpl - [<init>,61] - Initialized Scheduler Signaller of type: class org.quartz.core.SchedulerSignalerImpl
12:06:18.620 [main] INFO  o.q.c.QuartzScheduler - [<init>,229] - Quartz Scheduler v.2.3.0 created.
12:06:18.626 [main] INFO  o.q.c.QuartzScheduler - [initialize,294] - Scheduler meta-data: Quartz Scheduler (v2.3.0) 'RuoyiScheduler' with instanceId 'Research-ZWY1567051578608'
  Scheduler class: 'org.quartz.core.QuartzScheduler' - running locally.
  NOT STARTED.
  Currently in standby mode.
  Number of jobs executed: 0
  Using thread pool 'org.quartz.simpl.SimpleThreadPool' - with 20 threads.
  Using job-store 'org.springframework.scheduling.quartz.LocalDataSourceJobStore' - which supports persistence. and is clustered.

12:06:18.627 [main] INFO  o.q.i.StdSchedulerFactory - [instantiate,1362] - Quartz scheduler 'RuoyiScheduler' initialized from an externally provided properties instance.
12:06:18.627 [main] INFO  o.q.i.StdSchedulerFactory - [instantiate,1366] - Quartz scheduler version: 2.3.0
12:06:18.628 [main] INFO  o.q.c.QuartzScheduler - [setJobFactory,2287] - JobFactory set to: org.springframework.scheduling.quartz.AdaptableJobFactory@592ca48c
12:06:19.667 [main] INFO  o.a.s.c.e.EhCacheManager - [getCache,158] - Cache with name 'com.ruoyi.framework.shiro.realm.UserRealm.authorizationCache.1' does not yet exist.  Creating now.
12:06:19.668 [main] INFO  o.a.s.c.e.EhCacheManager - [getCache,165] - Added EhCache named [com.ruoyi.framework.shiro.realm.UserRealm.authorizationCache.1]
12:06:19.718 [main] INFO  s.d.s.w.PropertySourcedRequestMappingHandlerMapping - [initHandlerMethods,69] - Mapped URL path [/v2/api-docs] onto method [public org.springframework.http.ResponseEntity<springfox.documentation.spring.web.json.Json> springfox.documentation.swagger2.web.Swagger2Controller.getDocumentation(java.lang.String,javax.servlet.http.HttpServletRequest)]
12:06:20.649 [main] INFO  s.d.s.w.p.DocumentationPluginsBootstrapper - [start,147] - Context refreshed
12:06:20.672 [main] INFO  s.d.s.w.p.DocumentationPluginsBootstrapper - [start,150] - Found 1 custom documentation plugin(s)
12:06:20.722 [main] INFO  s.d.s.w.s.ApiListingReferenceScanner - [scan,41] - Scanning for api listing references
12:06:20.908 [main] INFO  c.r.s.user.UserTest - [logStarted,59] - Started UserTest in 6.775 seconds (JVM running for 7.792)
12:06:21.405 [main] INFO  c.r.p.s.u.s.UserServiceImpl - [getWechatSessionByCode,303] - 请求appid:wxd143adf9bead318d
12:06:21.406 [main] INFO  c.r.p.s.u.s.UserServiceImpl - [getWechatSessionByCode,304] - 请求secret:8fdc195bf1ccd41f7a5150b3fca6740b
12:06:21.406 [main] INFO  c.r.p.s.u.s.UserServiceImpl - [getWechatSessionByCode,305] - 请求code:081CUtcT0CXZl029y4bT00cJcT0CUtcE
12:06:21.406 [main] INFO  c.r.p.s.u.s.UserServiceImpl - [getWechatSessionByCode,306] - 请求url:https://api.weixin.qq.com/sns/jscode2session?appid=wxd143adf9bead318d&secret=8fdc195bf1ccd41f7a5150b3fca6740b&js_code=081CUtcT0CXZl029y4bT00cJcT0CUtcE&grant_type=authorization_code
12:06:21.406 [main] INFO  c.r.p.s.u.s.UserServiceImpl - [getWechatSessionByCode,307] - 回调结果:{"errcode":40029,"errmsg":"invalid code, hints: [ req_id: CFoDMA.KRa-gpSAJa ]"}
12:06:21.549 [Thread-6] INFO  o.q.c.QuartzScheduler - [shutdown,666] - Scheduler RuoyiScheduler_$_Research-ZWY1567051578608 shutting down.
12:06:21.549 [Thread-6] INFO  o.q.c.QuartzScheduler - [standby,585] - Scheduler RuoyiScheduler_$_Research-ZWY1567051578608 paused.
12:06:21.550 [Thread-6] INFO  o.q.c.QuartzScheduler - [shutdown,740] - Scheduler RuoyiScheduler_$_Research-ZWY1567051578608 shutdown complete.
12:06:21.556 [Thread-6] INFO  c.a.d.p.DruidDataSource - [close,1825] - {dataSource-1} closed
